This is pdfTeX, Version 3.14159265-2.6-1.40.21 (MiKTeX 20.10) (preloaded format=pdflatex 2021.3.2)  12 MAR 2021 08:42
entering extended mode
**./narration.tex
(narration.tex
LaTeX2e <2020-10-01> patch level 1
L3 programming layer <2020-10-05> xparse <2020-03-03>
("C:\Users\Herman van Dyk\AppData\Local\Programs\MiKTeX\tex/latex/base\report.c
ls"
Document Class: report 2020/04/10 v1.4m Standard LaTeX document class

("C:\Users\Herman van Dyk\AppData\Local\Programs\MiKTeX\tex/latex/base\size12.c
lo"
File: size12.clo 2020/04/10 v1.4m Standard LaTeX file (size option)
)
\c@part=\count175
\c@chapter=\count176
\c@section=\count177
\c@subsection=\count178
\c@subsubsection=\count179
\c@paragraph=\count180
\c@subparagraph=\count181
\c@figure=\count182
\c@table=\count183
\abovecaptionskip=\skip47
\belowcaptionskip=\skip48
\bibindent=\dimen138
)
("C:\Users\Herman van Dyk\AppData\Local\Programs\MiKTeX\tex/latex/l3backend\l3b
ackend-pdftex.def"
File: l3backend-pdftex.def 2020-09-24 L3 backend support: PDF output (pdfTeX)
\l__kernel_color_stack_int=\count184
\l__pdf_internal_box=\box47
) (narration.aux)
\openout1 = `narration.aux'.

LaTeX Font Info:    Checking defaults for OML/cmm/m/it on input line 4.
LaTeX Font Info:    ... okay on input line 4.
LaTeX Font Info:    Checking defaults for OMS/cmsy/m/n on input line 4.
LaTeX Font Info:    ... okay on input line 4.
LaTeX Font Info:    Checking defaults for OT1/cmr/m/n on input line 4.
LaTeX Font Info:    ... okay on input line 4.
LaTeX Font Info:    Checking defaults for T1/cmr/m/n on input line 4.
LaTeX Font Info:    ... okay on input line 4.
LaTeX Font Info:    Checking defaults for TS1/cmr/m/n on input line 4.
LaTeX Font Info:    ... okay on input line 4.
LaTeX Font Info:    Checking defaults for OMX/cmex/m/n on input line 4.
LaTeX Font Info:    ... okay on input line 4.
LaTeX Font Info:    Checking defaults for U/cmr/m/n on input line 4.
LaTeX Font Info:    ... okay on input line 4.

Underfull \hbox (badness 10000) in paragraph at lines 5--9

 []


Underfull \hbox (badness 10000) in paragraph at lines 5--9

 []


Underfull \hbox (badness 10000) in paragraph at lines 5--9

 []


Underfull \hbox (badness 10000) in paragraph at lines 11--27

 []


Underfull \hbox (badness 10000) in paragraph at lines 11--27

 []


Underfull \hbox (badness 10000) in paragraph at lines 11--27

 []


Underfull \hbox (badness 10000) in paragraph at lines 11--27

 []


Underfull \hbox (badness 10000) in paragraph at lines 11--27

 []


Underfull \hbox (badness 10000) in paragraph at lines 11--27

 []


Underfull \hbox (badness 10000) in paragraph at lines 11--27

 []


Underfull \hbox (badness 10000) in paragraph at lines 11--27

 []


Underfull \hbox (badness 10000) in paragraph at lines 11--27

 []


Underfull \hbox (badness 10000) in paragraph at lines 28--34

 []


Underfull \hbox (badness 10000) in paragraph at lines 28--34

 []

[1

{C:/Users/Herman van Dyk/AppData/Local/MiKTeX/pdftex/config/pdftex.map}]
Overfull \hbox (40.50247pt too wide) in paragraph at lines 37--38
\OT1/cmr/m/n/12 is an in-va-sive de-vice that dis-plays the ther-mal ex-pan-sio
n of the ethanol/mercury
 []


Underfull \hbox (badness 10000) in paragraph at lines 41--43

 []


Underfull \hbox (badness 10000) in paragraph at lines 41--43

 []


Underfull \hbox (badness 10000) in paragraph at lines 44--57

 []


Underfull \hbox (badness 10000) in paragraph at lines 44--57

 []


Underfull \hbox (badness 10000) in paragraph at lines 44--57

 []


Underfull \hbox (badness 10000) in paragraph at lines 44--57

 []


Underfull \hbox (badness 10000) in paragraph at lines 44--57

 []


Underfull \hbox (badness 10000) in paragraph at lines 44--57

 []


Underfull \hbox (badness 10000) in paragraph at lines 44--57

 []

[2]
Underfull \hbox (badness 10000) in paragraph at lines 58--65

 []


Underfull \hbox (badness 10000) in paragraph at lines 58--65

 []

[3] (narration.aux) ) 
Here is how much of TeX's memory you used:
 408 strings out of 480257
 7557 string characters out of 2877155
 274652 words of memory out of 3000000
 17026 multiletter control sequences out of 15000+200000
 535723 words of font info for 31 fonts, out of 3000000 for 9000
 1141 hyphenation exceptions out of 8191
 41i,4n,47p,764b,120s stack positions out of 5000i,500n,10000p,200000b,50000s
 <C:\Users\Herman van Dyk\AppData\Local\MiKTeX\fonts/pk/lj
four/jknappen/ec/dpi600\tcrm1200.pk><C:/Users/Herman van Dyk/AppData/Local/Prog
rams/MiKTeX/fonts/type1/public/amsfonts/cm/cmr12.pfb>
Output written on narration.pdf (3 pages, 26646 bytes).
PDF statistics:
 23 PDF objects out of 1000 (max. 8388607)
 0 named destinations out of 1000 (max. 500000)
 1 words of extra memory for PDF output out of 10000 (max. 10000000)

